0 info it worked if it ends with ok
1 verbose cli [ '/usr/local/Cellar/node/0.10.10/bin/node',
1 verbose cli   '/usr/local/bin/npm',
1 verbose cli   'info',
1 verbose cli   'grapl' ]
2 info using npm@1.2.25
3 info using node@v0.10.10
4 verbose url raw grapl
5 verbose url resolving [ 'https://registry.npmjs.org/', './grapl' ]
6 verbose url resolved https://registry.npmjs.org/grapl
7 info trying registry request attempt 1 at 11:13:57
8 http GET https://registry.npmjs.org/grapl
9 http 404 https://registry.npmjs.org/grapl
10 silly registry.get cb [ 404,
10 silly registry.get   { server: 'CouchDB/1.5.0 (Erlang OTP/R15B03)',
10 silly registry.get     date: 'Sun, 01 Dec 2013 16:13:54 GMT',
10 silly registry.get     'content-type': 'application/json',
10 silly registry.get     'content-length': '52',
10 silly registry.get     'cache-control': 'must-revalidate' } ]
11 error 404 'grapl' is not in the npm registry.
11 error 404 You should bug the author to publish it
11 error 404
11 error 404 Note that you can also install from a
11 error 404 tarball, folder, or http url, or git url.
12 error System Darwin 13.0.0
13 error command "/usr/local/Cellar/node/0.10.10/bin/node" "/usr/local/bin/npm" "info" "grapl"
14 error cwd /Users/carpita/dev/grap
15 error node -v v0.10.10
16 error npm -v 1.2.25
17 error code E404
18 verbose exit [ 1, true ]
